#
# There is insufficient memory for the Java Runtime Environment to continue.
# Native memory allocation (malloc) failed to allocate 1048576 bytes. Error detail: AllocateHeap
# Possible reasons:
#   The system is out of physical RAM or swap space
#   This process is running with CompressedOops enabled, and the Java Heap may be blocking the growth of the native heap
# Possible solutions:
#   Reduce memory load on the system
#   Increase physical memory or swap space
#   Check if swap backing store is full
#   Decrease Java heap size (-Xmx/-Xms)
#   Decrease number of Java threads
#   Decrease Java thread stack sizes (-Xss)
#   Set larger code cache with -XX:ReservedCodeCacheSize=
#   JVM is running with Unscaled Compressed Oops mode in which the Java heap is
#     placed in the first 4GB address space. The Java Heap base address is the
#     maximum limit for the native heap growth. Please use -XX:HeapBaseMinAddress
#     to set the Java Heap base and to place the Java Heap above 4GB virtual address.
# This output file may be truncated or incomplete.
#
#  Out of Memory Error (allocation.cpp:44), pid=127112, tid=132044
#
# JRE version:  (21.0.5+8) (build )
# Java VM: OpenJDK 64-Bit Server VM (21.0.5+8-b631.28, mixed mode, sharing, tiered, compressed oops, compressed class ptrs, g1 gc, windows-amd64)
# No core dump will be written. Minidumps are not enabled by default on client versions of Windows
#

---------------  S U M M A R Y ------------

Command Line: -Djava.io.tmpdir=C:\Users\Abdul Mannan\AppData\Local\JetBrains\Rider2024.3\tmp\statistics-uploader com.intellij.internal.statistic.uploader.EventLogUploader --ide-token C:\Users\Abdul Mannan\AppData\Local\JetBrains\Rider2024.3\token --recorders FUS;MP;IJ_MAP;ML --device-fus 0909241123b3039-85fb-445b-8555-4d5af4e20c56 --bucket-fus 238 --machine-fus 291a004f8c61acde3bf792e2775f03f9be7ac527974884d494ca901ff4b124d6 --id-revision-fus 0 --files-fus C:\Users\Abdul Mannan\AppData\Local\JetBrains\Rider2024.3\event-log-data\logs\FUS\562f-415d-893d-44ef7d15a68a-243.22562.250-release.log;C:\Users\Abdul Mannan\AppData\Local\JetBrains\Rider2024.3\event-log-data\logs\FUS\de59-453a-a1d0-4da0947dbf5d-243.22562.250-release.log --escape-fus false --device-mp 0909241f9dda133-5983-4e7e-83ba-707c267dbd28 --bucket-mp 252 --machine-mp 9ab962a440c548aea1115a0e430048ec403e611fea446ff584b6029722ad6633 --id-revision-mp 0 --files-mp C:\Users\Abdul Mannan\AppData\Local\JetBrains\Rider2024.3\event-log-data\logs\MP\903b-4cdc-9bda-01926be359ed-243.22562.250-release.log --escape-mp false --device-ij_map 0909241123b3039-85fb-445b-8555-4d5af4e20c56 --bucket-ij_map 238 --machine-ij_map 291a004f8c61acde3bf792e2775f03f9be7ac527974884d494ca901ff4b124d6 --id-revision-ij_map 0 --files-ij_map C:\Users\Abdul Mannan\AppData\Local\JetBrains\Rider2024.3\event-log-data\logs\IJ_MAP\5c1e-4b74-83d0-45cd14a0a860-243.22562.250-release.log;C:\Users\Abdul Mannan\AppData\Local\JetBrains\Rider2024.3\event-log-data\logs\IJ_MAP\815e-4f75-80bd-5b539879b188-243.22562.250-release.log;C:\Users\Abdul Mannan\AppData\Local\JetBrains\Rider2024.3\event-log-data\logs\IJ_MAP\beb3-433f-80a1-b158ecda8ddd-243.22562.250-release.log;C:\Users\Abdul Mannan\AppData\Local\JetBrains\Rider2024.3\event-log-data\logs\IJ_MAP\cdfe-42a5-a6db-5a265910c849-243.22562.250-release.log --escape-ij_map false --device-ml 0909241123b3039-85fb-445b-8555-4d5af4e20c56 --bucket-ml 238 --machine-ml 291a004f8c61acde3bf792e2775f03f9be7ac527974884d494ca901ff4b124d6 --id-revision-ml 0 --files-ml C:\Users\Abdul Mannan\AppData\Local\JetBrains\Rider2024.3\event-log-data\logs\ML\6b20-4009-884b-38edc076eabe-243.22562.250-release.log --escape-ml false --url https://resources.jetbrains.com/storage/fus/config/v4/%s/%s.json --product RD --product-version 2024.3.3 --baseline-version 243 --user-agent JetBrains Rider/243.22562.250 --extra-headers 

Host: Intel(R) Core(TM) i5-1035G1 CPU @ 1.00GHz, 8 cores, 7G,  Windows 11 , 64 bit Build 22621 (10.0.22621.5262)
Time: Sun Jun  1 03:47:26 2025 Pakistan Standard Time elapsed time: 1.077938 seconds (0d 0h 0m 1s)

---------------  T H R E A D  ---------------

Current thread (0x0000014718a11360):  JavaThread "Unknown thread" [_thread_in_vm, id=132044, stack(0x000000467ad00000,0x000000467ae00000) (1024K)]

Stack: [0x000000467ad00000,0x000000467ae00000]
Native frames: (J=compiled Java code, j=interpreted, Vv=VM code, C=native code)
V  [jvm.dll+0x6e52b9]
V  [jvm.dll+0x8c3633]
V  [jvm.dll+0x8c5b8e]
V  [jvm.dll+0x8c6273]
V  [jvm.dll+0x288f46]
V  [jvm.dll+0xc0e57]
V  [jvm.dll+0x33e2e5]
V  [jvm.dll+0x3368f1]
V  [jvm.dll+0x88aa89]
V  [jvm.dll+0x3ca518]
V  [jvm.dll+0x873b98]
V  [jvm.dll+0x45eede]
V  [jvm.dll+0x460bc1]
C  [jli.dll+0x52ab]
C  [ucrtbase.dll+0x29333]
C  [KERNEL32.DLL+0x1259d]
C  [ntdll.dll+0x5af58]


---------------  P R O C E S S  ---------------

Threads class SMR info:
_java_thread_list=0x00007ff8ee10a148, length=0, elements={
}

Java Threads: ( => current thread )
Total: 0

Other Threads:
  0x000001471ad47230 WorkerThread "GC Thread#0"                     [id=130836, stack(0x000000467ae00000,0x000000467af00000) (1024K)]

[error occurred during error reporting (printing all threads), id 0xc0000005, EXCEPTION_ACCESS_VIOLATION (0xc0000005) at pc=0x00007ff8ed7f2ed0]
VM state: not at safepoint (not fully initialized)

VM Mutex/Monitor currently owned by a thread:  ([mutex/lock_event])
[0x00007ff8ee17eb30] Heap_lock - owner thread: 0x0000014718a11360

Heap address: 0x0000000084e00000, size: 1970 MB, Compressed Oops mode: 32-bit

CDS archive(s) mapped at: [0x0000000000000000-0x0000000000000000-0x0000000000000000), size 0, SharedBaseAddress: 0x0000000800000000, ArchiveRelocationMode: 1.
Narrow klass base: 0x0000000000000000, Narrow klass shift: 0, Narrow klass range: 0x0

GC Precious Log:
 CardTable entry size: 512
 Card Set container configuration: InlinePtr #cards 5 size 8 Array Of Cards #cards 12 size 40 Howl #buckets 4 coarsen threshold 1843 Howl Bitmap #cards 512 size 80 coarsen threshold 460 Card regions per heap region 1 cards per card region 2048

Heap:
 garbage-first heap   total 0K, used 0K [0x0000000084e00000, 0x0000000100000000)
  region size 1024K, 0 young (0K), 0 survivors (0K)
 Metaspace       used 0K, committed 0K, reserved 0K
  class space    used 0K, committed 0K, reserved 0K

Heap Regions: E=young(eden), S=young(survivor), O=old, HS=humongous(starts), HC=humongous(continues), CS=collection set, F=free, TAMS=top-at-mark-start, PB=parsable bottom

Card table byte_map: [0x000001472e380000,0x000001472e760000] _byte_map_base: 0x000001472df59000

GC Heap History (0 events):
No events

Dll operation events (1 events):
Event: 0.953 Loaded shared library D:\JetBrains Rider 2024.3.3\jbr\bin\java.dll

Deoptimization events (0 events):
No events

Classes loaded (0 events):
No events

Classes unloaded (0 events):
No events

Classes redefined (0 events):
No events

Internal exceptions (0 events):
No events

ZGC Phase Switch (0 events):
No events

VM Operations (0 events):
No events

Memory protections (0 events):
No events

Nmethod flushes (0 events):
No events

Events (0 events):
No events


Dynamic libraries:
0x00007ff76b310000 - 0x00007ff76b31a000 	D:\JetBrains Rider 2024.3.3\jbr\bin\java.exe
0x00007ff999870000 - 0x00007ff999a87000 	C:\WINDOWS\SYSTEM32\ntdll.dll
0x00007ff997790000 - 0x00007ff997854000 	C:\WINDOWS\System32\KERNEL32.DLL
0x00007ff996d90000 - 0x00007ff997163000 	C:\WINDOWS\System32\KERNELBASE.dll
0x00007ff991140000 - 0x00007ff9911d7000 	C:\WINDOWS\SYSTEM32\apphelp.dll
0x00007ff997360000 - 0x00007ff997471000 	C:\WINDOWS\System32\ucrtbase.dll
0x00007ff980c10000 - 0x00007ff980c28000 	D:\JetBrains Rider 2024.3.3\jbr\bin\jli.dll
0x00007ff998150000 - 0x00007ff998301000 	C:\WINDOWS\System32\USER32.dll
0x00007ff996c20000 - 0x00007ff996c46000 	C:\WINDOWS\System32\win32u.dll
0x00007ff9976f0000 - 0x00007ff997719000 	C:\WINDOWS\System32\GDI32.dll
0x00007ff997170000 - 0x00007ff997292000 	C:\WINDOWS\System32\gdi32full.dll
0x00007ff9969e0000 - 0x00007ff996a7a000 	C:\WINDOWS\System32\msvcp_win.dll
0x00007ff97ae30000 - 0x00007ff97b0cb000 	C:\WINDOWS\WinSxS\amd64_microsoft.windows.common-controls_6595b64144ccf1df_6.0.22621.5262_none_2712bde373830908\COMCTL32.dll
0x00007ff998af0000 - 0x00007ff998b97000 	C:\WINDOWS\System32\msvcrt.dll
0x00007ff990f00000 - 0x00007ff990f1b000 	D:\JetBrains Rider 2024.3.3\jbr\bin\VCRUNTIME140.dll
0x00007ff998470000 - 0x00007ff9984a1000 	C:\WINDOWS\System32\IMM32.DLL
0x00007ff9643b0000 - 0x00007ff9643bc000 	D:\JetBrains Rider 2024.3.3\jbr\bin\vcruntime140_1.dll
0x00007ff91e9f0000 - 0x00007ff91ea7d000 	D:\JetBrains Rider 2024.3.3\jbr\bin\msvcp140.dll
0x00007ff8ed4b0000 - 0x00007ff8ee271000 	D:\JetBrains Rider 2024.3.3\jbr\bin\server\jvm.dll
0x00007ff998d70000 - 0x00007ff998e21000 	C:\WINDOWS\System32\ADVAPI32.dll
0x00007ff998ba0000 - 0x00007ff998c47000 	C:\WINDOWS\System32\sechost.dll
0x00007ff996bf0000 - 0x00007ff996c18000 	C:\WINDOWS\System32\bcrypt.dll
0x00007ff998c50000 - 0x00007ff998d64000 	C:\WINDOWS\System32\RPCRT4.dll
0x00007ff9983f0000 - 0x00007ff998461000 	C:\WINDOWS\System32\WS2_32.dll
0x00007ff996830000 - 0x00007ff99687d000 	C:\WINDOWS\SYSTEM32\POWRPROF.dll
0x00007ff98f020000 - 0x00007ff98f054000 	C:\WINDOWS\SYSTEM32\WINMM.dll
0x00007ff991b30000 - 0x00007ff991b3a000 	C:\WINDOWS\SYSTEM32\VERSION.dll
0x00007ff996810000 - 0x00007ff996823000 	C:\WINDOWS\SYSTEM32\UMPDC.dll
0x00007ff9959d0000 - 0x00007ff9959e8000 	C:\WINDOWS\SYSTEM32\kernel.appcore.dll
0x00007ff9640d0000 - 0x00007ff9640da000 	D:\JetBrains Rider 2024.3.3\jbr\bin\jimage.dll
0x00007ff994350000 - 0x00007ff994582000 	C:\WINDOWS\SYSTEM32\DBGHELP.DLL
0x00007ff9984d0000 - 0x00007ff998863000 	C:\WINDOWS\System32\combase.dll
0x00007ff998310000 - 0x00007ff9983e7000 	C:\WINDOWS\System32\OLEAUT32.dll
0x00007ff974b20000 - 0x00007ff974b52000 	C:\WINDOWS\SYSTEM32\dbgcore.DLL
0x00007ff996960000 - 0x00007ff9969db000 	C:\WINDOWS\System32\bcryptPrimitives.dll
0x00007ff950550000 - 0x00007ff950570000 	D:\JetBrains Rider 2024.3.3\jbr\bin\java.dll

dbghelp: loaded successfully - version: 4.0.5 - missing functions: none
symbol engine: initialized successfully - sym options: 0x614 - pdb path: .;D:\JetBrains Rider 2024.3.3\jbr\bin;C:\WINDOWS\SYSTEM32;C:\WINDOWS\WinSxS\amd64_microsoft.windows.common-controls_6595b64144ccf1df_6.0.22621.5262_none_2712bde373830908;D:\JetBrains Rider 2024.3.3\jbr\bin\server

VM Arguments:
jvm_args: -Djava.io.tmpdir=C:\Users\Abdul Mannan\AppData\Local\JetBrains\Rider2024.3\tmp\statistics-uploader 
java_command: com.intellij.internal.statistic.uploader.EventLogUploader --ide-token C:\Users\Abdul Mannan\AppData\Local\JetBrains\Rider2024.3\token --recorders FUS;MP;IJ_MAP;ML --device-fus 0909241123b3039-85fb-445b-8555-4d5af4e20c56 --bucket-fus 238 --machine-fus 291a004f8c61acde3bf792e2775f03f9be7ac527974884d494ca901ff4b124d6 --id-revision-fus 0 --files-fus C:\Users\Abdul Mannan\AppData\Local\JetBrains\Rider2024.3\event-log-data\logs\FUS\562f-415d-893d-44ef7d15a68a-243.22562.250-release.log;C:\Users\Abdul Mannan\AppData\Local\JetBrains\Rider2024.3\event-log-data\logs\FUS\de59-453a-a1d0-4da0947dbf5d-243.22562.250-release.log --escape-fus false --device-mp 0909241f9dda133-5983-4e7e-83ba-707c267dbd28 --bucket-mp 252 --machine-mp 9ab962a440c548aea1115a0e430048ec403e611fea446ff584b6029722ad6633 --id-revision-mp 0 --files-mp C:\Users\Abdul Mannan\AppData\Local\JetBrains\Rider2024.3\event-log-data\logs\MP\903b-4cdc-9bda-01926be359ed-243.22562.250-release.log --escape-mp false --device-ij_map 0909241123b3039-85fb-445b-8555-4d5af4e20c56 --bucket-ij_map 238 --machine-ij_map 291a004f8c61acde3bf792e2775f03f9be7ac527974884d494ca901ff4b124d6 --id-revision-ij_map 0 --files-ij_map C:\Users\Abdul Mannan\AppData\Local\JetBrains\Rider2024.3\event-log-data\logs\IJ_MAP\5c1e-4b74-83d0-45cd14a0a860-243.22562.250-release.log;C:\Users\Abdul Mannan\AppData\Local\JetBrains\Rider2024.3\event-log-data\logs\IJ_MAP\815e-4f75-80bd-5b539879b188-243.22562.250-release.log;C:\Users\Abdul Mannan\AppData\Local\JetBrains\Rider2024.3\event-log-data\logs\IJ_MAP\beb3-433f-80a1-b158ecda8ddd-243.22562.250-release.log;C:\Users\Abdul Mannan\AppData\Local\JetBrains\Rider2024.3\event-log-data\logs\IJ_MAP\cdfe-42a5-a6db-5a265910c849-243.22562.250-release.log --escape-ij_map false --device-ml 0909241123b3039-85fb-445b-8555-4d5af4e20c56 --bucket-ml 238 --machine-ml 291a004f8c61acde3bf792e2775f03f9be7ac527974884d494ca901ff4b124d6 --id-revision-ml 0 --files-ml C:\Users\Abdul Mannan\AppData\Local\JetBrains\Rider202
java_class_path (initial): D:\JetBrains Rider 2024.3.3\lib\util-8.jar;D:\JetBrains Rider 2024.3.3\lib\annotations.jar;D:\JetBrains Rider 2024.3.3\lib\lib-client.jar;D:\JetBrains Rider 2024.3.3\lib\stats.jar
Launcher Type: SUN_STANDARD

[Global flags]
     intx CICompilerCount                          = 4                                         {product} {ergonomic}
     uint ConcGCThreads                            = 2                                         {product} {ergonomic}
     uint G1ConcRefinementThreads                  = 8                                         {product} {ergonomic}
   size_t G1HeapRegionSize                         = 1048576                                   {product} {ergonomic}
    uintx GCDrainStackTargetSize                   = 64                                        {product} {ergonomic}
   size_t InitialHeapSize                          = 130023424                                 {product} {ergonomic}
   size_t MarkStackSize                            = 4194304                                   {product} {ergonomic}
   size_t MaxHeapSize                              = 2065694720                                {product} {ergonomic}
   size_t MinHeapDeltaBytes                        = 1048576                                   {product} {ergonomic}
   size_t MinHeapSize                              = 8388608                                   {product} {ergonomic}
    uintx NonNMethodCodeHeapSize                   = 5839372                                {pd product} {ergonomic}
    uintx NonProfiledCodeHeapSize                  = 122909434                              {pd product} {ergonomic}
    uintx ProfiledCodeHeapSize                     = 122909434                              {pd product} {ergonomic}
    uintx ReservedCodeCacheSize                    = 251658240                              {pd product} {ergonomic}
     bool SegmentedCodeCache                       = true                                      {product} {ergonomic}
   size_t SoftMaxHeapSize                          = 2065694720                             {manageable} {ergonomic}
     bool UseCompressedOops                        = true                           {product lp64_product} {ergonomic}
     bool UseG1GC                                  = true                                      {product} {ergonomic}
     bool UseLargePagesIndividualAllocation        = false                                  {pd product} {ergonomic}

Logging:
Log output configuration:
 #0: stdout all=warning uptime,level,tags foldmultilines=false
 #1: stderr all=off uptime,level,tags foldmultilines=false

Environment Variables:
JAVA_HOME=E:\Unity\2021.3.24f1\Editor\Data\PlaybackEngines\AndroidPlayer\OpenJDK
PATH=C:\Program Files (x86)\Common Files\Oracle\Java\javapath;C:\Program Files (x86)\NVIDIA Corporation\PhysX\Common;C:\Program Files (x86)\Common Files\Intel\Shared Libraries\redist\intel64\compiler;C:\WINDOWS\system32;C:\WINDOWS;C:\WINDOWS\System32\Wbem;C:\WINDOWS\System32\WindowsPowerShell\v1.0\;C:\WINDOWS\System32\OpenSSH\;C:\Program Files\Git\cmd;C:\Program Files (x86)\Windows Kits\10\Windows Performance Toolkit\;C:\Program Files\Cloudflare\Cloudflare WARP\;C:\Program Files\dotnet\;C:\Program Files\Git\bin;C:\src\flutter\bin;C:\Users\Abdul Mannan\AppData\Local\Pub\Cache\bin;C:\Program Files\nodejs\;C:\Users\Abdul Mannan\AppData\Local\Microsoft\WindowsApps;D:\Microsoft VS Code\bin;C:\Users\Abdul Mannan\AppData\Local\GitHubDesktop\bin;C:\Users\Abdul Mannan\AppData\Local\JetBrains\Toolbox\scripts;C:\Users\Abdul Mannan\.dotnet\tools;C:\Users\Abdul Mannan\AppData\Roaming\npm;C:\Users\Abdul Mannan\AppData\Local\Programs\cursor\resources\app\bin
USERNAME=Abdul Mannan
OS=Windows_NT
PROCESSOR_IDENTIFIER=Intel64 Family 6 Model 126 Stepping 5, GenuineIntel
TMP=C:\Users\ABDULM~1\AppData\Local\Temp
TEMP=C:\Users\ABDULM~1\AppData\Local\Temp




Periodic native trim disabled

JNI global refs:
JNI global refs: 0, weak refs: 0

JNI global refs memory usage: 0, weak refs: 0

Process memory usage:
Resident Set Size: 12444K (0% of 8066016K total physical memory with 360500K free physical memory)

OOME stack traces (most recent first):
Classloader memory used:

---------------  S Y S T E M  ---------------

OS:
 Windows 11 , 64 bit Build 22621 (10.0.22621.5262)
OS uptime: 0 days 13:44 hours
Hyper-V role detected

CPU: total 8 (initial active 8) (4 cores per cpu, 2 threads per core) family 6 model 126 stepping 5 microcode 0xbc, cx8, cmov, fxsr, ht, mmx, 3dnowpref, sse, sse2, sse3, ssse3, sse4.1, sse4.2, popcnt, lzcnt, tsc, tscinvbit, avx, avx2, aes, erms, clmul, bmi1, bmi2, adx, avx512f, avx512dq, avx512cd, avx512bw, avx512vl, sha, fma, vzeroupper, avx512_vpopcntdq, avx512_vpclmulqdq, avx512_vaes, avx512_vnni, clflush, clflushopt, avx512_vbmi2, avx512_vbmi, hv, rdtscp, rdpid, fsrm, gfni, avx512_bitalg, f16c, avx512_ifma
Processor Information for all 8 processors :
  Max Mhz: 1201, Current Mhz: 1000, Mhz Limit: 996

Memory: 4k page, system-wide physical 7876M (352M free)
TotalPageFile size 25463M (AvailPageFile size 6M)
current process WorkingSet (physical memory assigned to process): 12M, peak: 12M
current process commit charge ("private bytes"): 58M, peak: 59M

vm_info: OpenJDK 64-Bit Server VM (21.0.5+8-b631.28) for windows-amd64 JRE (21.0.5+8-b631.28), built on 2024-11-23 by "builduser" with MS VC++ 16.10 / 16.11 (VS2019)

END.
